<?xml version="1.0" encoding="UTF-8"?>
<!-- Generated by org.testng.reporters.JUnitReportReporter -->
<testsuite skipped="0" hostname="nooslvdi001716" name="com.bookstore.qa.test.ProfilePageTest" tests="3" failures="0" timestamp="2021-01-13T20:11:27 GMT+05:30" time="23.202" errors="0">
  <testcase name="addBookToProfileTest" time="7.687" classname="com.bookstore.qa.test.ProfilePageTest"/>
  <system-out/>
  <testcase name="removeBookFromProfileTest" time="7.817" classname="com.bookstore.qa.test.ProfilePageTest"/>
  <system-out/>
  <testcase name="searchBookInProfileTest" time="7.698" classname="com.bookstore.qa.test.ProfilePageTest"/>
  <system-out/>
</testsuite> <!-- com.bookstore.qa.test.ProfilePageTest -->
