<?xml version="1.0" encoding="UTF-8"?>
<!-- Generated by org.testng.reporters.JUnitReportReporter -->
<testsuite skipped="0" hostname="nooslvdi001716" name="com.bookstore.qa.test.LoginPageTest" tests="1" failures="0" timestamp="2021-01-13T20:11:27 GMT+05:30" time="11.986" errors="0">
  <testcase name="loginPageTitleTest" time="11.986" classname="com.bookstore.qa.test.LoginPageTest"/>
  <system-out/>
</testsuite> <!-- com.bookstore.qa.test.LoginPageTest -->
